<?xml version="1.0" encoding="UTF-8"?>
<!-- Generated by org.testng.reporters.JUnitReportReporter -->
<testsuite hostname="AREYA" failures="0" tests="1" name="Login.FirstStep" time="37.984" errors="0" timestamp="2023-06-04T14:49:22 IST" skipped="0">
  <testcase classname="Login.FirstStep" name="launchUrl" time="37.984"/>
  <system-out/>
</testsuite> <!-- Login.FirstStep -->
